[debug] ----------------------------------------------------------------------
[debug] Command:      /usr/local/bin/node /usr/local/bin/firebase serve
[debug] CLI Version:  3.7.0
[debug] Platform:     darwin
[debug] Node Version: v6.10.2
[debug] Time:         Mon May 08 2017 11:49:56 GMT-0700 (MST)
[debug] ----------------------------------------------------------------------
[debug] 
[debug] > command requires scopes: ["email","openid","https://www.googleapis.com/auth/cloudplatformprojects.readonly","https://www.googleapis.com/auth/firebase","https://www.googleapis.com/auth/cloud-platform"]
[debug] >>> HTTP REQUEST GET https://admin.firebase.com/v1/projects/brophyattendance  
 Mon May 08 2017 11:49:56 GMT-0700 (MST)
[debug] <<< HTTP RESPONSE 200
[debug] >>> HTTP REQUEST GET https://admin.firebase.com/v1/database/brophyattendance/tokens  
 Mon May 08 2017 11:49:57 GMT-0700 (MST)
[debug] <<< HTTP RESPONSE 200
[info] Starting Firebase development server...
[info] 
[info] Project Directory: /Users/jackv/GitHub/AttendanceApp/website
[debug] >>> HTTP REQUEST GET https://cloudresourcemanager.googleapis.com/v1/projects/brophyattendance  
 Mon May 08 2017 11:49:58 GMT-0700 (MST)
[debug] <<< HTTP RESPONSE 200
[debug] >>> HTTP REQUEST GET https://mobilesdk-pa.googleapis.com/v1/projects/687148024963/clients/_:getWebAppConfig  
 Mon May 08 2017 11:49:58 GMT-0700 (MST)
[debug] <<< HTTP RESPONSE 200
[info] Public Directory: public
[info] 
[info] Server listening at: http://localhost:5000
